<?xml version="1.0" encoding="UTF-8"?>
<testsuite xmlns:xsi="http://www.w3.org/2001/XMLSchema-instance" xsi:noNamespaceSchemaLocation="https://maven.apache.org/surefire/maven-surefire-plugin/xsd/surefire-test-report-3.0.xsd" version="3.0" name="org.example.UserServiceTest" time="0.038" tests="7" errors="0" skipped="0" failures="0">
  <properties>
[...]
</properties>
  <testcase name="testGetAge2" classname="org.example.UserServiceTest" time="0.001">
    <system-out><![CDATA[before all ...
before...
after...
]]></system-out>
  </testcase>
  <testcase name="testGetGender2" classname="org.example.UserServiceTest" time="0.0">
    <system-out><![CDATA[before...
after...
]]></system-out>
  </testcase>
  <testcase name="testGetGender3(String)[1]" classname="org.example.UserServiceTest" time="0.012">
    <system-out><![CDATA[before...
男
after...
]]></system-out>
  </testcase>
  <testcase name="testGetGender3(String)[2]" classname="org.example.UserServiceTest" time="0.0">
    <system-out><![CDATA[before...
男
after...
]]></system-out>
  </testcase>
  <testcase name="testGetGender3(String)[3]" classname="org.example.UserServiceTest" time="0.001">
    <system-out><![CDATA[before...
女
after...
]]></system-out>
  </testcase>
  <testcase name="testGetGender" classname="org.example.UserServiceTest" time="0.001">
    <system-out><![CDATA[before...
男
after...
]]></system-out>
  </testcase>
  <testcase name="testGetAge" classname="org.example.UserServiceTest" time="0.001">
    <system-out><![CDATA[before...
20
after...
]]></system-out>
  </testcase>
</testsuite>